2015/10/01 04:06:48 [error] [exception.CException] exception 'CException' with message 'Property "Users.username" is not defined.' in /var/www/yii_framework/framework/base/CComponent.php:130
Stack trace:
#0 /var/www/yii_framework/framework/db/ar/CActiveRecord.php(143): CComponent->__get('username')
#1 /var/www/wall/protected/views/user/index.php(11): CActiveRecord->__get('username')
#2 /var/www/yii_framework/framework/web/CBaseController.php(126): require('/var/www/wall/p...')
#3 /var/www/yii_framework/framework/web/CBaseController.php(95): CBaseController->renderInternal('/var/www/wall/p...', Array, true)
#4 /var/www/yii_framework/framework/web/CController.php(869): CBaseController->renderFile('/var/www/wall/p...', Array, true)
#5 /var/www/yii_framework/framework/web/CController.php(782): CController->renderPartial('index', Array, true)
#6 /var/www/wall/protected/controllers/UserController.php(8): CController->render('index', Array)
#7 /var/www/yii_framework/framework/web/actions/CInlineAction.php(49): UserController->actionIndex()
#8 /var/www/yii_framework/framework/web/CController.php(308): CInlineAction->runWithParams(Array)
#9 /var/www/yii_framework/framework/web/CController.php(286): CController->runAction(Object(CInlineAction))
#10 /var/www/yii_framework/framework/web/CController.php(265): CController->runActionWithFilters(Object(CInlineAction), Array)
#11 /var/www/yii_framework/framework/web/CWebApplication.php(282): CController->run('Index')
#12 /var/www/yii_framework/framework/web/CWebApplication.php(141): CWebApplication->runController('User/Index')
#13 /var/www/yii_framework/framework/base/CApplication.php(169): CWebApplication->processRequest()
#14 /var/www/wall/index.php(13): CApplication->run()
#15 {main}
REQUEST_URI=/wall/index.php?r=User/Index
---
2015/10/01 04:09:49 [error] [php] Use of undefined constant PHP_EOF - assumed 'PHP_EOF' (/var/www/wall/protected/views/user/index.php:11)
Stack trace:
#0 /var/www/yii_framework/framework/web/CController.php(869): UserController->renderFile()
#1 /var/www/yii_framework/framework/web/CController.php(782): UserController->renderPartial()
#2 /var/www/wall/protected/controllers/UserController.php(8): UserController->render()
#3 /var/www/yii_framework/framework/web/actions/CInlineAction.php(49): UserController->actionIndex()
#4 /var/www/yii_framework/framework/web/CController.php(308): CInlineAction->runWithParams()
#5 /var/www/yii_framework/framework/web/CController.php(286): UserController->runAction()
#6 /var/www/yii_framework/framework/web/CController.php(265): UserController->runActionWithFilters()
#7 /var/www/yii_framework/framework/web/CWebApplication.php(282): UserController->run()
#8 /var/www/yii_framework/framework/web/CWebApplication.php(141): CWebApplication->runController()
#9 /var/www/yii_framework/framework/base/CApplication.php(169): CWebApplication->processRequest()
#10 /var/www/wall/index.php(13): CWebApplication->run()
REQUEST_URI=/wall/index.php?r=User/Index
in /var/www/wall/protected/views/user/index.php (11)
in /var/www/wall/protected/controllers/UserController.php (8)
in /var/www/wall/index.php (13)
2015/10/01 05:02:39 [error] [system.db.CDbCommand] CDbCommand::fetch() failed: SQLSTATE[42S22]: Column not found: 1054 Unknown column 'Wings' in 'where clause'. The SQL statement executed was: SELECT * FROM `Users` `t` WHERE Username = Wings LIMIT 1.
in /var/www/wall/protected/components/UserIdentity.php (23)
in /var/www/wall/protected/models/LoginForm.php (52)
in /var/www/wall/protected/controllers/SiteController.php (87)
2015/10/01 05:02:39 [error] [exception.CDbException] exception 'CDbException' with message 'CDbCommand failed to execute the SQL statement: SQLSTATE[42S22]: Column not found: 1054 Unknown column 'Wings' in 'where clause'. The SQL statement executed was: SELECT * FROM `Users` `t` WHERE Username = Wings LIMIT 1' in /var/www/yii_framework/framework/db/CDbCommand.php:541
Stack trace:
#0 /var/www/yii_framework/framework/db/CDbCommand.php(414): CDbCommand->queryInternal('fetch', Array, Array)
#1 /var/www/yii_framework/framework/db/ar/CActiveRecord.php(1297): CDbCommand->queryRow()
#2 /var/www/yii_framework/framework/db/ar/CActiveRecord.php(1402): CActiveRecord->query(Object(CDbCriteria))
#3 /var/www/wall/protected/components/UserIdentity.php(23): CActiveRecord->find(Array)
#4 /var/www/wall/protected/models/LoginForm.php(52): UserIdentity->authenticate()
#5 /var/www/yii_framework/framework/validators/CInlineValidator.php(42): LoginForm->authenticate('password', Array)
#6 /var/www/yii_framework/framework/validators/CValidator.php(213): CInlineValidator->validateAttribute(Object(LoginForm), 'password')
#7 /var/www/yii_framework/framework/base/CModel.php(159): CValidator->validate(Object(LoginForm), NULL)
#8 /var/www/wall/protected/controllers/SiteController.php(87): CModel->validate()
#9 /var/www/yii_framework/framework/web/actions/CInlineAction.php(49): SiteController->actionLogin()
#10 /var/www/yii_framework/framework/web/CController.php(308): CInlineAction->runWithParams(Array)
#11 /var/www/yii_framework/framework/web/CController.php(286): CController->runAction(Object(CInlineAction))
#12 /var/www/yii_framework/framework/web/CController.php(265): CController->runActionWithFilters(Object(CInlineAction), Array)
#13 /var/www/yii_framework/framework/web/CWebApplication.php(282): CController->run('login')
#14 /var/www/yii_framework/framework/web/CWebApplication.php(141): CWebApplication->runController('site/login')
#15 /var/www/yii_framework/framework/base/CApplication.php(169): CWebApplication->processRequest()
#16 /var/www/wall/index.php(13): CApplication->run()
#17 {main}
REQUEST_URI=/wall/index.php?r=site/login
HTTP_REFERER=http://localhost/wall/index.php?r=site/login
---
2015/10/01 05:35:36 [error] [exception.CException] exception 'CException' with message 'Property "Users.ID" is not defined.' in /var/www/yii_framework/framework/base/CComponent.php:173
Stack trace:
#0 /var/www/yii_framework/framework/db/ar/CActiveRecord.php(159): CComponent->__set('ID', NULL)
#1 /var/www/wall/protected/controllers/UsersController.php(78): CActiveRecord->__set('ID', NULL)
#2 /var/www/yii_framework/framework/web/actions/CInlineAction.php(49): UsersController->actionCreate()
#3 /var/www/yii_framework/framework/web/CController.php(308): CInlineAction->runWithParams(Array)
#4 /var/www/yii_framework/framework/web/filters/CFilterChain.php(133): CController->runAction(Object(CInlineAction))
#5 /var/www/yii_framework/framework/web/filters/CFilter.php(40): CFilterChain->run()
#6 /var/www/yii_framework/framework/web/CController.php(1145): CFilter->filter(Object(CFilterChain))
#7 /var/www/yii_framework/framework/web/filters/CInlineFilter.php(58): CController->filterAccessControl(Object(CFilterChain))
#8 /var/www/yii_framework/framework/web/filters/CFilterChain.php(130): CInlineFilter->filter(Object(CFilterChain))
#9 /var/www/yii_framework/framework/web/CController.php(291): CFilterChain->run()
#10 /var/www/yii_framework/framework/web/CController.php(265): CController->runActionWithFilters(Object(CInlineAction), Array)
#11 /var/www/yii_framework/framework/web/CWebApplication.php(282): CController->run('create')
#12 /var/www/yii_framework/framework/web/CWebApplication.php(141): CWebApplication->runController('users/create')
#13 /var/www/yii_framework/framework/base/CApplication.php(169): CWebApplication->processRequest()
#14 /var/www/wall/index.php(13): CApplication->run()
#15 {main}
REQUEST_URI=/wall/index.php?r=users/create
HTTP_REFERER=http://localhost/wall/index.php?r=users/create
---
2015/10/01 05:36:37 [error] [exception.CException] exception 'CException' with message 'Property "Users.ID" is not defined.' in /var/www/yii_framework/framework/base/CComponent.php:173
Stack trace:
#0 /var/www/yii_framework/framework/db/ar/CActiveRecord.php(159): CComponent->__set('ID', NULL)
#1 /var/www/wall/protected/controllers/UsersController.php(78): CActiveRecord->__set('ID', NULL)
#2 /var/www/yii_framework/framework/web/actions/CInlineAction.php(49): UsersController->actionCreate()
#3 /var/www/yii_framework/framework/web/CController.php(308): CInlineAction->runWithParams(Array)
#4 /var/www/yii_framework/framework/web/filters/CFilterChain.php(133): CController->runAction(Object(CInlineAction))
#5 /var/www/yii_framework/framework/web/filters/CFilter.php(40): CFilterChain->run()
#6 /var/www/yii_framework/framework/web/CController.php(1145): CFilter->filter(Object(CFilterChain))
#7 /var/www/yii_framework/framework/web/filters/CInlineFilter.php(58): CController->filterAccessControl(Object(CFilterChain))
#8 /var/www/yii_framework/framework/web/filters/CFilterChain.php(130): CInlineFilter->filter(Object(CFilterChain))
#9 /var/www/yii_framework/framework/web/CController.php(291): CFilterChain->run()
#10 /var/www/yii_framework/framework/web/CController.php(265): CController->runActionWithFilters(Object(CInlineAction), Array)
#11 /var/www/yii_framework/framework/web/CWebApplication.php(282): CController->run('create')
#12 /var/www/yii_framework/framework/web/CWebApplication.php(141): CWebApplication->runController('users/create')
#13 /var/www/yii_framework/framework/base/CApplication.php(169): CWebApplication->processRequest()
#14 /var/www/wall/index.php(13): CApplication->run()
#15 {main}
REQUEST_URI=/wall/index.php?r=users/create
HTTP_REFERER=http://localhost/wall/index.php?r=users/create
---
2015/10/01 05:37:10 [error] [exception.CException] exception 'CException' with message 'Property "Users.ID" is not defined.' in /var/www/yii_framework/framework/base/CComponent.php:173
Stack trace:
#0 /var/www/yii_framework/framework/db/ar/CActiveRecord.php(159): CComponent->__set('ID', '')
#1 /var/www/wall/protected/controllers/UsersController.php(78): CActiveRecord->__set('ID', '')
#2 /var/www/yii_framework/framework/web/actions/CInlineAction.php(49): UsersController->actionCreate()
#3 /var/www/yii_framework/framework/web/CController.php(308): CInlineAction->runWithParams(Array)
#4 /var/www/yii_framework/framework/web/filters/CFilterChain.php(133): CController->runAction(Object(CInlineAction))
#5 /var/www/yii_framework/framework/web/filters/CFilter.php(40): CFilterChain->run()
#6 /var/www/yii_framework/framework/web/CController.php(1145): CFilter->filter(Object(CFilterChain))
#7 /var/www/yii_framework/framework/web/filters/CInlineFilter.php(58): CController->filterAccessControl(Object(CFilterChain))
#8 /var/www/yii_framework/framework/web/filters/CFilterChain.php(130): CInlineFilter->filter(Object(CFilterChain))
#9 /var/www/yii_framework/framework/web/CController.php(291): CFilterChain->run()
#10 /var/www/yii_framework/framework/web/CController.php(265): CController->runActionWithFilters(Object(CInlineAction), Array)
#11 /var/www/yii_framework/framework/web/CWebApplication.php(282): CController->run('create')
#12 /var/www/yii_framework/framework/web/CWebApplication.php(141): CWebApplication->runController('users/create')
#13 /var/www/yii_framework/framework/base/CApplication.php(169): CWebApplication->processRequest()
#14 /var/www/wall/index.php(13): CApplication->run()
#15 {main}
REQUEST_URI=/wall/index.php?r=users/create
HTTP_REFERER=http://localhost/wall/index.php?r=users/create
---
2015/10/01 05:39:30 [error] [exception.CException] exception 'CException' with message 'Property "Users.username" is not defined.' in /var/www/yii_framework/framework/base/CComponent.php:173
Stack trace:
#0 /var/www/yii_framework/framework/db/ar/CActiveRecord.php(159): CComponent->__set('username', NULL)
#1 /var/www/wall/protected/controllers/UsersController.php(76): CActiveRecord->__set('username', NULL)
#2 /var/www/yii_framework/framework/web/actions/CInlineAction.php(49): UsersController->actionCreate()
#3 /var/www/yii_framework/framework/web/CController.php(308): CInlineAction->runWithParams(Array)
#4 /var/www/yii_framework/framework/web/filters/CFilterChain.php(133): CController->runAction(Object(CInlineAction))
#5 /var/www/yii_framework/framework/web/filters/CFilter.php(40): CFilterChain->run()
#6 /var/www/yii_framework/framework/web/CController.php(1145): CFilter->filter(Object(CFilterChain))
#7 /var/www/yii_framework/framework/web/filters/CInlineFilter.php(58): CController->filterAccessControl(Object(CFilterChain))
#8 /var/www/yii_framework/framework/web/filters/CFilterChain.php(130): CInlineFilter->filter(Object(CFilterChain))
#9 /var/www/yii_framework/framework/web/CController.php(291): CFilterChain->run()
#10 /var/www/yii_framework/framework/web/CController.php(265): CController->runActionWithFilters(Object(CInlineAction), Array)
#11 /var/www/yii_framework/framework/web/CWebApplication.php(282): CController->run('create')
#12 /var/www/yii_framework/framework/web/CWebApplication.php(141): CWebApplication->runController('users/create')
#13 /var/www/yii_framework/framework/base/CApplication.php(169): CWebApplication->processRequest()
#14 /var/www/wall/index.php(13): CApplication->run()
#15 {main}
REQUEST_URI=/wall/index.php?r=users/create
HTTP_REFERER=http://localhost/wall/index.php?r=users/create
---
2015/10/01 21:01:50 [error] [exception.CHttpException.404] exception 'CHttpException' with message 'Unable to resolve the request "commentMaster".' in /var/www/yii_framework/framework/web/CWebApplication.php:286
Stack trace:
#0 /var/www/yii_framework/framework/web/CWebApplication.php(141): CWebApplication->runController('commentMaster')
#1 /var/www/yii_framework/framework/base/CApplication.php(169): CWebApplication->processRequest()
#2 /var/www/wall/index.php(13): CApplication->run()
#3 {main}
REQUEST_URI=/wall/index.php?r=commentMaster
---
2015/10/01 21:03:56 [error] [exception.CHttpException.404] exception 'CHttpException' with message 'Unable to resolve the request "commentMaster".' in /var/www/yii_framework/framework/web/CWebApplication.php:286
Stack trace:
#0 /var/www/yii_framework/framework/web/CWebApplication.php(141): CWebApplication->runController('commentMaster')
#1 /var/www/yii_framework/framework/base/CApplication.php(169): CWebApplication->processRequest()
#2 /var/www/wall/index.php(13): CApplication->run()
#3 {main}
REQUEST_URI=/wall/index.php?r=commentMaster
---
2015/10/01 21:04:06 [error] [exception.CHttpException.404] exception 'CHttpException' with message 'Unable to resolve the request "commentMaster".' in /var/www/yii_framework/framework/web/CWebApplication.php:286
Stack trace:
#0 /var/www/yii_framework/framework/web/CWebApplication.php(141): CWebApplication->runController('commentMaster')
#1 /var/www/yii_framework/framework/base/CApplication.php(169): CWebApplication->processRequest()
#2 /var/www/wall/index.php(13): CApplication->run()
#3 {main}
REQUEST_URI=/wall/index.php?r=commentMaster
---
